2023-03-14T12:21:40.985+0800	[31mERROR[0m	[Recovery from panic]	{"time": "2023-03-14T12:21:40.984+0800", "error": "key 长度必须 16/24/32长度: crypto/aes: invalid key size 3", "request": "GET /management/api/v1/team/invite/url?team_id=188e1c57-b32d-4f1c-a64f-e756b444ec13&role_id=2 HTTP/1.1\r\nHost: 127.0.0.1:8081\r\nAccept: */*\r\nAccept-Encoding: gzip, deflate, br\r\nAuthorization: eyJhbGciOiJIUzI1NiIsInR5cCI6IkpXVCJ9.eyJleHAiOjE2ODA0MTc5MzEsImlhdCI6MTY3NzgyNTkzMSwiaXNzIjoia3AiLCJuYmYiOjE2Nzc4MjU5MzEsInVzZXJfaWQiOiJmMDU0YWJmOC1iMDQ3LTQ5ZWMtOGU1NC0yNDM0YzNiMGU2ZjkifQ.7n4qTUzjAfWuSS1hM-62IKGQYmIwQkxBIzkrXhveNd8\r\nCache-Control: no-cache\r\nConnection: keep-alive\r\nContent-Type: application/json\r\nCurrentteamid: 186\r\nRequest: 123\r\nUser-Agent: PostmanRuntime-ApipostRuntime/1.1.0\r\n\r\n", "stack": "goroutine 197 [running]:\nruntime/debug.Stack()\n\t/opt/homebrew/Cellar/go/1.19.3/libexec/src/runtime/debug/stack.go:24 +0x64\ngithub.com/gin-contrib/zap.CustomRecoveryWithZap.func1.1()\n\t/Users/freeman/go/pkg/mod/github.com/gin-contrib/zap@v0.1.0/zap.go:146 +0x29c\npanic({0x105bfda20, 0x14022dfbc10})\n\t/opt/homebrew/Cellar/go/1.19.3/libexec/src/runtime/panic.go:884 +0x204\nkp-management/internal/pkg/biz/encrypt.AesEncrypt({0x1401495a420?, 0xb?}, {0x140002ea4cc, 0x3})\n\t/Users/freeman/go/src/runnergo-management-open/internal/pkg/biz/encrypt/aes.go:31 +0x198\nkp-management/internal/pkg/handler.GetInviteMemberURL(0x140149e0700?)\n\t/Users/freeman/go/src/runnergo-management-open/internal/pkg/handler/team.go:115 +0x5f0\ngithub.com/gin-gonic/gin.(*Context).Next(...)\n\t/Users/freeman/go/pkg/mod/github.com/gin-gonic/gin@v1.8.1/context.go:173\nkp-management/internal/app/middleware.JWT.func1(0x140149e0700)\n\t/Users/freeman/go/src/runnergo-management-open/internal/app/middleware/jwt.go:72 +0x83c\ngithub.com/gin-gonic/gin.(*Context).Next(...)\n\t/Users/freeman/go/pkg/mod/github.com/gin-gonic/gin@v1.8.1/context.go:173\ngithub.com/gin-contrib/zap.CustomRecoveryWithZap.func1(0x140149e0700)\n\t/Users/freeman/go/pkg/mod/github.com/gin-contrib/zap@v0.1.0/zap.go:158 +0x88\ngithub.com/gin-gonic/gin.(*Context).Next(...)\n\t/Users/freeman/go/pkg/mod/github.com/gin-gonic/gin@v1.8.1/context.go:173\ngithub.com/gin-contrib/zap.GinzapWithConfig.func1(0x140149e0700)\n\t/Users/freeman/go/pkg/mod/github.com/gin-contrib/zap@v0.1.0/zap.go:55 +0x9c\ngithub.com/gin-gonic/gin.(*Context).Next(...)\n\t/Users/freeman/go/pkg/mod/github.com/gin-gonic/gin@v1.8.1/context.go:173\ngithub.com/gin-gonic/gin.(*Engine).handleHTTPRequest(0x14000502b60, 0x140149e0700)\n\t/Users/freeman/go/pkg/mod/github.com/gin-gonic/gin@v1.8.1/gin.go:616 +0x554\ngithub.com/gin-gonic/gin.(*Engine).ServeHTTP(0x14000502b60, {0x105e07fb0?, 0x14024965420}, 0x140149e0400)\n\t/Users/freeman/go/pkg/mod/github.com/gin-gonic/gin@v1.8.1/gin.go:572 +0x1d4\nnet/http.serverHandler.ServeHTTP({0x14024b15080?}, {0x105e07fb0, 0x14024965420}, 0x140149e0400)\n\t/opt/homebrew/Cellar/go/1.19.3/libexec/src/net/http/server.go:2947 +0x2c4\nnet/http.(*conn).serve(0x140249fdd60, {0x105e090c0, 0x140148bcdb0})\n\t/opt/homebrew/Cellar/go/1.19.3/libexec/src/net/http/server.go:1991 +0x560\ncreated by net/http.(*Server).Serve\n\t/opt/homebrew/Cellar/go/1.19.3/libexec/src/net/http/server.go:3102 +0x444\n"}
github.com/gin-contrib/zap.CustomRecoveryWithZap.func1.1
	/Users/freeman/go/pkg/mod/github.com/gin-contrib/zap@v0.1.0/zap.go:142
runtime.gopanic
	/opt/homebrew/Cellar/go/1.19.3/libexec/src/runtime/panic.go:884
kp-management/internal/pkg/biz/encrypt.AesEncrypt
	/Users/freeman/go/src/runnergo-management-open/internal/pkg/biz/encrypt/aes.go:31
kp-management/internal/pkg/handler.GetInviteMemberURL
	/Users/freeman/go/src/runnergo-management-open/internal/pkg/handler/team.go:115
github.com/gin-gonic/gin.(*Context).Next
	/Users/freeman/go/pkg/mod/github.com/gin-gonic/gin@v1.8.1/context.go:173
kp-management/internal/app/middleware.JWT.func1
	/Users/freeman/go/src/runnergo-management-open/internal/app/middleware/jwt.go:72
github.com/gin-gonic/gin.(*Context).Next
	/Users/freeman/go/pkg/mod/github.com/gin-gonic/gin@v1.8.1/context.go:173
github.com/gin-contrib/zap.CustomRecoveryWithZap.func1
	/Users/freeman/go/pkg/mod/github.com/gin-contrib/zap@v0.1.0/zap.go:158
github.com/gin-gonic/gin.(*Context).Next
	/Users/freeman/go/pkg/mod/github.com/gin-gonic/gin@v1.8.1/context.go:173
github.com/gin-contrib/zap.GinzapWithConfig.func1
	/Users/freeman/go/pkg/mod/github.com/gin-contrib/zap@v0.1.0/zap.go:55
github.com/gin-gonic/gin.(*Context).Next
	/Users/freeman/go/pkg/mod/github.com/gin-gonic/gin@v1.8.1/context.go:173
github.com/gin-gonic/gin.(*Engine).handleHTTPRequest
	/Users/freeman/go/pkg/mod/github.com/gin-gonic/gin@v1.8.1/gin.go:616
github.com/gin-gonic/gin.(*Engine).ServeHTTP
	/Users/freeman/go/pkg/mod/github.com/gin-gonic/gin@v1.8.1/gin.go:572
net/http.serverHandler.ServeHTTP
	/opt/homebrew/Cellar/go/1.19.3/libexec/src/net/http/server.go:2947
net/http.(*conn).serve
	/opt/homebrew/Cellar/go/1.19.3/libexec/src/net/http/server.go:1991
